
> falsology@1.0.0 typecheck
> npm run generate:claims && tsc --noEmit


> falsology@1.0.0 generate:claims
> node scripts/generate-claims.mjs

node:internal/modules/run_main:123
    triggerUncaughtException(
    ^

Error: unexpected end of file
    at genericNodeError (node:internal/errors:983:15)
    at wrappedFn (node:internal/errors:537:14)
    at Zlib.zlibOnError [as onerror] (node:zlib:191:17)
    at processChunkSync (node:zlib:430:12)
    at zlibBufferSync (node:zlib:180:12)
    at syncBufferWrapper (node:zlib:790:14)
    at file:///home/runner/work/Falsology/Falsology/scripts/generate-claims.mjs:8:17
    at ModuleJob.run (node:internal/modules/esm/module_job:343:25)
    at async onImport.tracePromise.__proto__ (node:internal/modules/esm/loader:681:26)
    at async asyncRunEntryPointWithESMLoader (node:internal/modules/run_main:117:5) {
  errno: -5,
  code: 'Z_BUF_ERROR'
}

Node.js v22.23.1
